[2022-10-19 09:06:48] INFO [main] AppConfig$$EnhancerBySpringCGLIB$$c56399ef.configureDefaultServletHandling(34) | ======Context start application org.springframework.jdbc.datasource.DriverManagerDataSource@5115f590
[2022-10-19 09:06:48] ERROR [main] AppConfig$$EnhancerBySpringCGLIB$$c56399ef.configureDefaultServletHandling(50) | com.mysql.cj.jdbc.exceptions.CommunicationsException: Communications link failure

The last packet sent successfully to the server was 0 milliseconds ago. The driver has not received any packets from the server.
com.mysql.cj.jdbc.exceptions.CommunicationsException: Communications link failure

The last packet sent successfully to the server was 0 milliseconds ago. The driver has not received any packets from the server.
	at com.mysql.cj.jdbc.exceptions.SQLError.createCommunicationsException(SQLError.java:174)
	at com.mysql.cj.jdbc.exceptions.SQLExceptionsMapping.translateException(SQLExceptionsMapping.java:64)
	at com.mysql.cj.jdbc.ConnectionImpl.createNewIO(ConnectionImpl.java:829)
	at com.mysql.cj.jdbc.ConnectionImpl.<init>(ConnectionImpl.java:449)
	at com.mysql.cj.jdbc.ConnectionImpl.getInstance(ConnectionImpl.java:242)
	at com.mysql.cj.jdbc.NonRegisteringDriver.connect(NonRegisteringDriver.java:198)
	at java.sql/java.sql.DriverManager.getConnection(DriverManager.java:683)
	at java.sql/java.sql.DriverManager.getConnection(DriverManager.java:191)
	at org.springframework.jdbc.datasource.DriverManagerDataSource.getConnectionFromDriverManager(DriverManagerDataSource.java:155)
	at org.springframework.jdbc.datasource.DriverManagerDataSource.getConnectionFromDriver(DriverManagerDataSource.java:146)
	at org.springframework.jdbc.datasource.AbstractDriverBasedDataSource.getConnectionFromDriver(AbstractDriverBasedDataSource.java:205)
	at org.springframework.jdbc.datasource.AbstractDriverBasedDataSource.getConnection(AbstractDriverBasedDataSource.java:169)
	at com.spring.service.AppConfig.createTable(AppConfig.java:81)
	at com.spring.service.AppConfig.configureDefaultServletHandling(AppConfig.java:38)
	at org.springframework.web.servlet.config.annotation.WebMvcConfigurerComposite.configureDefaultServletHandling(WebMvcConfigurerComposite.java:74)
	at org.springframework.web.servlet.config.annotation.DelegatingWebMvcConfiguration.configureDefaultServletHandling(DelegatingWebMvcConfiguration.java:73)
	at org.springframework.web.servlet.config.annotation.WebMvcConfigurationSupport.defaultServletHandlerMapping(WebMvcConfigurationSupport.java:644)
	at java.base/jdk.internal.reflect.DirectMethodHandleAccessor.invoke(DirectMethodHandleAccessor.java:104)
	at java.base/java.lang.reflect.Method.invoke(Method.java:577)
	at org.springframework.beans.factory.support.SimpleInstantiationStrategy.instantiate(SimpleInstantiationStrategy.java:154)
	at org.springframework.beans.factory.support.ConstructorResolver.instantiate(ConstructorResolver.java:653)
	at org.springframework.beans.factory.support.ConstructorResolver.instantiateUsingFactoryMethod(ConstructorResolver.java:486)
	at org.springframework.beans.factory.support.AbstractAutowireCapableBeanFactory.instantiateUsingFactoryMethod(AbstractAutowireCapableBeanFactory.java:1352)
	at org.springframework.beans.factory.support.AbstractAutowireCapableBeanFactory.createBeanInstance(AbstractAutowireCapableBeanFactory.java:1195)
	at org.springframework.beans.factory.support.AbstractAutowireCapableBeanFactory.doCreateBean(AbstractAutowireCapableBeanFactory.java:582)
	at org.springframework.beans.factory.support.AbstractAutowireCapableBeanFactory.createBean(AbstractAutowireCapableBeanFactory.java:542)
	at org.springframework.beans.factory.support.AbstractBeanFactory.lambda$doGetBean$0(AbstractBeanFactory.java:335)
	at org.springframework.beans.factory.support.DefaultSingletonBeanRegistry.getSingleton(DefaultSingletonBeanRegistry.java:234)
	at org.springframework.beans.factory.support.AbstractBeanFactory.doGetBean(AbstractBeanFactory.java:333)
	at org.springframework.beans.factory.support.AbstractBeanFactory.getBean(AbstractBeanFactory.java:208)
	at org.springframework.beans.factory.support.DefaultListableBeanFactory.preInstantiateSingletons(DefaultListableBeanFactory.java:955)
	at org.springframework.context.support.AbstractApplicationContext.finishBeanFactoryInitialization(AbstractApplicationContext.java:918)
	at org.springframework.context.support.AbstractApplicationContext.refresh(AbstractApplicationContext.java:583)
	at org.springframework.boot.web.servlet.context.ServletWebServerApplicationContext.refresh(ServletWebServerApplicationContext.java:147)
	at org.springframework.boot.SpringApplication.refresh(SpringApplication.java:734)
	at org.springframework.boot.SpringApplication.refreshContext(SpringApplication.java:408)
	at org.springframework.boot.SpringApplication.run(SpringApplication.java:308)
	at org.springframework.boot.SpringApplication.run(SpringApplication.java:1306)
	at org.springframework.boot.SpringApplication.run(SpringApplication.java:1295)
	at com.spring.service.DerivativeApplication.main(DerivativeApplication.java:10)
Caused by: com.mysql.cj.exceptions.CJCommunicationsException: Communications link failure

The last packet sent successfully to the server was 0 milliseconds ago. The driver has not received any packets from the server.
	at java.base/jdk.internal.reflect.DirectConstructorHandleAccessor.newInstance(DirectConstructorHandleAccessor.java:67)
	at java.base/java.lang.reflect.Constructor.newInstanceWithCaller(Constructor.java:499)
	at java.base/java.lang.reflect.Constructor.newInstance(Constructor.java:483)
	at com.mysql.cj.exceptions.ExceptionFactory.createException(ExceptionFactory.java:61)
	at com.mysql.cj.exceptions.ExceptionFactory.createException(ExceptionFactory.java:105)
	at com.mysql.cj.exceptions.ExceptionFactory.createException(ExceptionFactory.java:151)
	at com.mysql.cj.exceptions.ExceptionFactory.createCommunicationsException(ExceptionFactory.java:167)
	at com.mysql.cj.protocol.a.NativeSocketConnection.connect(NativeSocketConnection.java:89)
	at com.mysql.cj.NativeSession.connect(NativeSession.java:120)
	at com.mysql.cj.jdbc.ConnectionImpl.connectOneTryOnly(ConnectionImpl.java:949)
	at com.mysql.cj.jdbc.ConnectionImpl.createNewIO(ConnectionImpl.java:819)
	... 37 more
Caused by: java.net.ConnectException: Connection refused: connect
	at java.base/sun.nio.ch.Net.connect0(Native Method)
	at java.base/sun.nio.ch.Net.connect(Net.java:579)
	at java.base/sun.nio.ch.Net.connect(Net.java:568)
	at java.base/sun.nio.ch.NioSocketImpl.connect(NioSocketImpl.java:585)
	at java.base/java.net.SocksSocketImpl.connect(SocksSocketImpl.java:327)
	at java.base/java.net.Socket.connect(Socket.java:633)
	at com.mysql.cj.protocol.StandardSocketFactory.connect(StandardSocketFactory.java:156)
	at com.mysql.cj.protocol.a.NativeSocketConnection.connect(NativeSocketConnection.java:63)
	... 40 more
[2022-10-19 09:07:17] INFO [main] AppConfig$$EnhancerBySpringCGLIB$$c56399ef.configureDefaultServletHandling(34) | ======Context start application org.springframework.jdbc.datasource.DriverManagerDataSource@5a8816cc
[2022-10-19 09:07:17] INFO [main] AppConfig$$EnhancerBySpringCGLIB$$c56399ef.createTable(84) | ======TABLE derivative already exists !
[2022-10-19 09:11:38] INFO [main] AppConfig$$EnhancerBySpringCGLIB$$65fd32d5.configureDefaultServletHandling(34) | ======Context start application org.springframework.jdbc.datasource.DriverManagerDataSource@6d074b14
[2022-10-19 09:11:38] INFO [main] AppConfig$$EnhancerBySpringCGLIB$$65fd32d5.createTable(84) | ======TABLE derivative already exists !
[2022-10-19 09:12:28] INFO [main] AppConfig$$EnhancerBySpringCGLIB$$c56399ef.configureDefaultServletHandling(34) | ======Context start application org.springframework.jdbc.datasource.DriverManagerDataSource@68565bc7
[2022-10-19 09:12:28] INFO [main] AppConfig$$EnhancerBySpringCGLIB$$c56399ef.createTable(84) | ======TABLE derivative already exists !
[2022-10-19 09:31:17] INFO [main] AppConfig$$EnhancerBySpringCGLIB$$5fbbf037.configureDefaultServletHandling(34) | ======Context start application org.springframework.jdbc.datasource.DriverManagerDataSource@4b31a708
[2022-10-19 09:31:17] INFO [main] AppConfig$$EnhancerBySpringCGLIB$$5fbbf037.createTable(84) | ======TABLE derivative already exists !
[2022-10-19 13:10:43] INFO [main] AppConfig$$EnhancerBySpringCGLIB$$5fbbf037.configureDefaultServletHandling(34) | ======Context start application org.springframework.jdbc.datasource.DriverManagerDataSource@68565bc7
[2022-10-19 13:10:43] INFO [main] AppConfig$$EnhancerBySpringCGLIB$$5fbbf037.createTable(84) | ======TABLE derivative already exists !
[2022-10-19 13:14:13] INFO [main] AppConfig$$EnhancerBySpringCGLIB$$9a1dab74.configureDefaultServletHandling(34) | ======Context start application org.springframework.jdbc.datasource.DriverManagerDataSource@4832f03b
[2022-10-19 13:14:13] INFO [main] AppConfig$$EnhancerBySpringCGLIB$$9a1dab74.createTable(84) | ======TABLE derivative already exists !
[2022-10-19 13:18:42] INFO [main] AppConfig$$EnhancerBySpringCGLIB$$5fbbf037.configureDefaultServletHandling(34) | ======Context start application org.springframework.jdbc.datasource.DriverManagerDataSource@5115f590
[2022-10-19 13:18:42] INFO [main] AppConfig$$EnhancerBySpringCGLIB$$5fbbf037.createTable(84) | ======TABLE derivative already exists !
[2022-10-19 13:33:24] INFO [main] AppConfig$$EnhancerBySpringCGLIB$$5fbbf037.configureDefaultServletHandling(34) | ======Context start application org.springframework.jdbc.datasource.DriverManagerDataSource@68565bc7
[2022-10-19 13:33:24] INFO [main] AppConfig$$EnhancerBySpringCGLIB$$5fbbf037.createTable(84) | ======TABLE derivative already exists !
